<?xml version="1.0" encoding="UTF-8"?>
<testng-results ignored="0" total="1" passed="1" failed="0" skipped="0">
  <reporter-output>
  </reporter-output>
  <suite started-at="2025-12-17T08:20:12 IST" name="SwagLabsDemo" finished-at="2025-12-17T08:20:25 IST" duration-ms="12878">
    <groups>
    </groups>
    <test started-at="2025-12-17T08:20:12 IST" name="orderplacement" finished-at="2025-12-17T08:20:25 IST" duration-ms="12878">
      <class name="tests.PlaceOrderTest">
        <test-method is-config="true" signature="setUp()[pri:0, instance:tests.PlaceOrderTest@557caf28]" started-at="2025-12-17T08:20:12 IST" name="setUp" finished-at="2025-12-17T08:20:22 IST" duration-ms="10329" status="PASS">
          <reporter-output>
          </reporter-output>
        </test-method> <!-- setUp -->
        <test-method signature="placeOrder()[pri:0, instance:tests.PlaceOrderTest@557caf28]" started-at="2025-12-17T08:20:22 IST" name="placeOrder" finished-at="2025-12-17T08:20:24 IST" duration-ms="2067" status="PASS">
          <reporter-output>
          </reporter-output>
        </test-method> <!-- placeOrder -->
        <test-method is-config="true" signature="tearUp()[pri:0, instance:tests.PlaceOrderTest@557caf28]" started-at="2025-12-17T08:20:24 IST" name="tearUp" finished-at="2025-12-17T08:20:25 IST" duration-ms="388" status="PASS">
          <reporter-output>
          </reporter-output>
        </test-method> <!-- tearUp -->
      </class> <!-- tests.PlaceOrderTest -->
    </test> <!-- orderplacement -->
  </suite> <!-- SwagLabsDemo -->
</testng-results>
